#
# There is insufficient memory for the Java Runtime Environment to continue.
# Native memory allocation (mmap) failed to map 532676608 bytes. Error detail: G1 virtual space
# Possible reasons:
#   The system is out of physical RAM or swap space
#   This process is running with CompressedOops enabled, and the Java Heap may be blocking the growth of the native heap
# Possible solutions:
#   Reduce memory load on the system
#   Increase physical memory or swap space
#   Check if swap backing store is full
#   Decrease Java heap size (-Xmx/-Xms)
#   Decrease number of Java threads
#   Decrease Java thread stack sizes (-Xss)
#   Set larger code cache with -XX:ReservedCodeCacheSize=
#   JVM is running with Zero Based Compressed Oops mode in which the Java heap is
#     placed in the first 32GB address space. The Java Heap base address is the
#     maximum limit for the native heap growth. Please use -XX:HeapBaseMinAddress
#     to set the Java Heap base and to place the Java Heap above 32GB virtual address.
# This output file may be truncated or incomplete.
#
#  Out of Memory Error (os_windows.cpp:3898), pid=12620, tid=5984
#
# JRE version:  (21.0.6) (build )
# Java VM: OpenJDK 64-Bit Server VM (21.0.6+-13368085-b895.109, mixed mode, sharing, tiered, compressed oops, compressed class ptrs, g1 gc, windows-amd64)
# No core dump will be written. Minidumps are not enabled by default on client versions of Windows
#

---------------  S U M M A R Y ------------

Command Line: org.jetbrains.kotlin.cli.jvm.K2JVMCompiler @C:\Users\longs\AndroidStudioProjects\Kadai_05_PI12A082_36_mishima\app\build\20250819_1940950460652379585.compiler.options

Host: 12th Gen Intel(R) Core(TM) i7-12700H, 20 cores, 31G,  Windows 11 , 64 bit Build 26100 (10.0.26100.4768)
Time: Tue Aug 19 00:28:40 2025  Windows 11 , 64 bit Build 26100 (10.0.26100.4768) elapsed time: 2.020162 seconds (0d 0h 0m 2s)

---------------  T H R E A D  ---------------

Current thread (0x0000022551e48010):  JavaThread "Unknown thread" [_thread_in_vm, id=5984, stack(0x0000003d15a00000,0x0000003d15b00000) (1024K)]

Stack: [0x0000003d15a00000,0x0000003d15b00000]
Native frames: (J=compiled Java code, j=interpreted, Vv=VM code, C=native code)
V  [jvm.dll+0x6d0639]
V  [jvm.dll+0x85eb03]
V  [jvm.dll+0x86105e]
V  [jvm.dll+0x861743]
V  [jvm.dll+0x27e6e6]
V  [jvm.dll+0x6ccfd5]
V  [jvm.dll+0x6c0a8a]
V  [jvm.dll+0x35537b]
V  [jvm.dll+0x35cfd6]
V  [jvm.dll+0x3aef86]
V  [jvm.dll+0x3af258]
V  [jvm.dll+0x327a2c]
V  [jvm.dll+0x32871b]
V  [jvm.dll+0x826549]
V  [jvm.dll+0x3bc158]
V  [jvm.dll+0x80f7f8]
V  [jvm.dll+0x45035e]
V  [jvm.dll+0x451ac1]
C  [jli.dll+0x52ab]
C  [ucrtbase.dll+0x37b0]
C  [KERNEL32.DLL+0x2e8d7]
C  [ntdll.dll+0x3c34c]


---------------  P R O C E S S  ---------------

Threads class SMR info:
_java_thread_list=0x00007ff813481848, length=0, elements={
}

Java Threads: ( => current thread )
Total: 0

Other Threads:
  0x0000022551e1e4f0 WorkerThread "GC Thread#0"                     [id=25880, stack(0x0000003d15b00000,0x0000003d15c00000) (1024K)]
  0x000002255438b2a0 ConcurrentGCThread "G1 Main Marker"            [id=31500, stack(0x0000003d15c00000,0x0000003d15d00000) (1024K)]
  0x0000022551e1e890 WorkerThread "G1 Conc#0"                       [id=32712, stack(0x0000003d15d00000,0x0000003d15e00000) (1024K)]

[error occurred during error reporting (printing all threads), id 0xc0000005, EXCEPTION_ACCESS_VIOLATION (0xc0000005) at pc=0x00007ff812c7aa87]
VM state: not at safepoint (not fully initialized)

VM Mutex/Monitor currently owned by a thread:  ([mutex/lock_event])
[0x00007ff8134ee4a0] Heap_lock - owner thread: 0x0000022551e48010

Heap address: 0x0000000604000000, size: 8128 MB, Compressed Oops mode: Zero based, Oop shift amount: 3

CDS archive(s) mapped at: [0x0000000000000000-0x0000000000000000-0x0000000000000000), size 0, SharedBaseAddress: 0x0000000800000000, ArchiveRelocationMode: 1.
Narrow klass base: 0x0000000000000000, Narrow klass shift: 0, Narrow klass range: 0x0

GC Precious Log:
 CardTable entry size: 512
 Card Set container configuration: InlinePtr #cards 4 size 8 Array Of Cards #cards 32 size 80 Howl #buckets 8 coarsen threshold 7372 Howl Bitmap #cards 1024 size 144 coarsen threshold 921 Card regions per heap region 1 cards per card region 8192

Heap:
 garbage-first heap   total 0K, used 0K [0x0000000604000000, 0x0000000800000000)
  region size 4096K, 0 young (0K), 0 survivors (0K)
 Metaspace       used 0K, committed 0K, reserved 0K
  class space    used 0K, committed 0K, reserved 0K

Heap Regions: E=young(eden), S=young(survivor), O=old, HS=humongous(starts), HC=humongous(continues), CS=collection set, F=free, TAMS=top-at-mark-start, PB=parsable bottom

Card table byte_map: [0x0000022567ea0000,0x0000022568e80000] _byte_map_base: 0x0000022564e80000

Marking Bits: (CMBitMap*) 0x000002255437abc0
 Bits: [0x0000022568e80000, 0x0000022570d80000)

GC Heap History (0 events):
No events

Dll operation events (1 events):
Event: 0.004 Loaded shared library C:\Program Files\Android\Android Studio\jbr\bin\java.dll

Deoptimization events (0 events):
No events

Classes loaded (0 events):
No events

Classes unloaded (0 events):
No events

Classes redefined (0 events):
No events

Internal exceptions (0 events):
No events

ZGC Phase Switch (0 events):
No events

VM Operations (0 events):
No events

Memory protections (0 events):
No events

Nmethod flushes (0 events):
No events

Events (0 events):
No events


Dynamic libraries:
0x00007ff686ce0000 - 0x00007ff686cea000 	C:\Program Files\Android\Android Studio\jbr\bin\java.exe
0x00007ff8d7740000 - 0x00007ff8d79a7000 	C:\WINDOWS\SYSTEM32\ntdll.dll
0x00007ff8d6150000 - 0x00007ff8d6219000 	C:\WINDOWS\System32\KERNEL32.DLL
0x00007ff8d4cd0000 - 0x00007ff8d50c0000 	C:\WINDOWS\System32\KERNELBASE.dll
0x00007ff8d5380000 - 0x00007ff8d54cb000 	C:\WINDOWS\System32\ucrtbase.dll
0x00007ff8ac9a0000 - 0x00007ff8ac9bb000 	C:\Program Files\Android\Android Studio\jbr\bin\VCRUNTIME140.dll
0x00007ff88c590000 - 0x00007ff88c5a8000 	C:\Program Files\Android\Android Studio\jbr\bin\jli.dll
0x00007ff8d58f0000 - 0x00007ff8d5ab5000 	C:\WINDOWS\System32\USER32.dll
0x00007ff8c1e90000 - 0x00007ff8c212a000 	C:\WINDOWS\WinSxS\amd64_microsoft.windows.common-controls_6595b64144ccf1df_6.0.26100.4768_none_3e0c112ce331287c\COMCTL32.dll
0x00007ff8d4b20000 - 0x00007ff8d4b47000 	C:\WINDOWS\System32\win32u.dll
0x00007ff8d60a0000 - 0x00007ff8d6149000 	C:\WINDOWS\System32\msvcrt.dll
0x00007ff8d6cd0000 - 0x00007ff8d6cfb000 	C:\WINDOWS\System32\GDI32.dll
0x00007ff8d5190000 - 0x00007ff8d52c8000 	C:\WINDOWS\System32\gdi32full.dll
0x00007ff8d52d0000 - 0x00007ff8d5373000 	C:\WINDOWS\System32\msvcp_win.dll
0x00007ff8d6350000 - 0x00007ff8d637f000 	C:\WINDOWS\System32\IMM32.DLL
0x00007ff8c9040000 - 0x00007ff8c904c000 	C:\Program Files\Android\Android Studio\jbr\bin\vcruntime140_1.dll
0x00007ff802840000 - 0x00007ff8028cd000 	C:\Program Files\Android\Android Studio\jbr\bin\msvcp140.dll
0x00007ff812940000 - 0x00007ff8135cb000 	C:\Program Files\Android\Android Studio\jbr\bin\server\jvm.dll
0x00007ff8d55d0000 - 0x00007ff8d5684000 	C:\WINDOWS\System32\ADVAPI32.dll
0x00007ff8d6420000 - 0x00007ff8d64c6000 	C:\WINDOWS\System32\sechost.dll
0x00007ff8d6d00000 - 0x00007ff8d6e18000 	C:\WINDOWS\System32\RPCRT4.dll
0x00007ff8d62a0000 - 0x00007ff8d6314000 	C:\WINDOWS\System32\WS2_32.dll
0x00007ff8d3fd0000 - 0x00007ff8d402e000 	C:\WINDOWS\SYSTEM32\POWRPROF.dll
0x00007ff8c6d30000 - 0x00007ff8c6d65000 	C:\WINDOWS\SYSTEM32\WINMM.dll
0x00007ff8c9d00000 - 0x00007ff8c9d0b000 	C:\WINDOWS\SYSTEM32\VERSION.dll
0x00007ff8d3fb0000 - 0x00007ff8d3fc4000 	C:\WINDOWS\SYSTEM32\UMPDC.dll
0x00007ff8d35f0000 - 0x00007ff8d360b000 	C:\WINDOWS\SYSTEM32\kernel.appcore.dll
0x00007ff8c59f0000 - 0x00007ff8c59fa000 	C:\Program Files\Android\Android Studio\jbr\bin\jimage.dll
0x00007ff8d1fd0000 - 0x00007ff8d2211000 	C:\WINDOWS\SYSTEM32\DBGHELP.DLL
0x00007ff8d5d10000 - 0x00007ff8d6095000 	C:\WINDOWS\System32\combase.dll
0x00007ff8d6f70000 - 0x00007ff8d7050000 	C:\WINDOWS\System32\OLEAUT32.dll
0x00007ff8aaac0000 - 0x00007ff8aab03000 	C:\WINDOWS\SYSTEM32\dbgcore.DLL
0x00007ff8d4a80000 - 0x00007ff8d4b19000 	C:\WINDOWS\System32\bcryptPrimitives.dll
0x00007ff8ac980000 - 0x00007ff8ac9a0000 	C:\Program Files\Android\Android Studio\jbr\bin\java.dll

dbghelp: loaded successfully - version: 4.0.5 - missing functions: none
symbol engine: initialized successfully - sym options: 0x614 - pdb path: .;C:\Program Files\Android\Android Studio\jbr\bin;C:\WINDOWS\SYSTEM32;C:\WINDOWS\WinSxS\amd64_microsoft.windows.common-controls_6595b64144ccf1df_6.0.26100.4768_none_3e0c112ce331287c;C:\Program Files\Android\Android Studio\jbr\bin\server

VM Arguments:
java_command: org.jetbrains.kotlin.cli.jvm.K2JVMCompiler @C:\Users\longs\AndroidStudioProjects\Kadai_05_PI12A082_36_mishima\app\build\20250819_1940950460652379585.compiler.options
java_class_path (initial): C:\Users\longs\.gradle\caches\modules-2\files-2.1\org.jetbrains.kotlin\kotlin-compiler-embeddable\2.0.21\79346ed53db48b18312a472602eb5c057070c54d\kotlin-compiler-embeddable-2.0.21.jar;C:\Users\longs\.gradle\caches\modules-2\files-2.1\org.jetbrains.kotlin\kotlin-stdlib\2.0.21\618b539767b4899b4660a83006e052b63f1db551\kotlin-stdlib-2.0.21.jar;C:\Users\longs\.gradle\caches\modules-2\files-2.1\org.jetbrains.kotlin\kotlin-script-runtime\2.0.21\c9b044380ad41f89aa89aa896c2d32a8c0b2129d\kotlin-script-runtime-2.0.21.jar;C:\Users\longs\.gradle\caches\modules-2\files-2.1\org.jetbrains.kotlin\kotlin-reflect\1.6.10\1cbe9c92c12a94eea200d23c2bbaedaf3daf5132\kotlin-reflect-1.6.10.jar;C:\Users\longs\.gradle\caches\modules-2\files-2.1\org.jetbrains.kotlin\kotlin-daemon-embeddable\2.0.21\c9e933b23287de9b5a17e2116b4657bb91aea72c\kotlin-daemon-embeddable-2.0.21.jar;C:\Users\longs\.gradle\caches\modules-2\files-2.1\org.jetbrains.intellij.deps\trove4j\1.0.20200330\3afb14d5f9ceb459d724e907a21145e8ff394f02\trove4j-1.0.20200330.jar;C:\Users\longs\.gradle\caches\modules-2\files-2.1\org.jetbrains.kotlinx\kotlinx-coroutines-core-jvm\1.6.4\2c997cd1c0ef33f3e751d3831929aeff1390cb30\kotlinx-coroutines-core-jvm-1.6.4.jar;C:\Users\longs\.gradle\caches\modules-2\files-2.1\org.jetbrains\annotations\13.0\919f0dfe192fb4e063e7dacadee7f8bb9a2672a9\annotations-13.0.jar
Launcher Type: SUN_STANDARD

[Global flags]
     intx CICompilerCount                          = 12                                        {product} {ergonomic}
     uint ConcGCThreads                            = 4                                         {product} {ergonomic}
     uint G1ConcRefinementThreads                  = 15                                        {product} {ergonomic}
   size_t G1HeapRegionSize                         = 4194304                                   {product} {ergonomic}
    uintx GCDrainStackTargetSize                   = 64                                        {product} {ergonomic}
   size_t InitialHeapSize                          = 532676608                                 {product} {ergonomic}
   size_t MarkStackSize                            = 4194304                                   {product} {ergonomic}
   size_t MaxHeapSize                              = 8522825728                                {product} {ergonomic}
   size_t MinHeapDeltaBytes                        = 4194304                                   {product} {ergonomic}
   size_t MinHeapSize                              = 8388608                                   {product} {ergonomic}
    uintx NonNMethodCodeHeapSize                   = 7602480                                {pd product} {ergonomic}
    uintx NonProfiledCodeHeapSize                  = 122027880                              {pd product} {ergonomic}
    uintx ProfiledCodeHeapSize                     = 122027880                              {pd product} {ergonomic}
    uintx ReservedCodeCacheSize                    = 251658240                              {pd product} {ergonomic}
     bool SegmentedCodeCache                       = true                                      {product} {ergonomic}
   size_t SoftMaxHeapSize                          = 8522825728                             {manageable} {ergonomic}
     bool UseCompressedOops                        = true                           {product lp64_product} {ergonomic}
     bool UseG1GC                                  = true                                      {product} {ergonomic}
     bool UseLargePagesIndividualAllocation        = false                                  {pd product} {ergonomic}

Logging:
Log output configuration:
 #0: stdout all=warning uptime,level,tags foldmultilines=false
 #1: stderr all=off uptime,level,tags foldmultilines=false

Environment Variables:
JAVA_HOME=C:\Program Files\Eclipse Adoptium\jdk-17.0.13.11-hotspot\
PATH=C:\Program Files\Eclipse Adoptium\jdk-17.0.13.11-hotspot\bin;C:\Program Files\Common Files\Oracle\Java\javapath;C:\Program Files (x86)\Common Files\Oracle\Java\javapath;C:\WINDOWS\system32;C:\WINDOWS;C:\WINDOWS\System32\Wbem;C:\WINDOWS\System32\WindowsPowerShell\v1.0\;C:\WINDOWS\System32\OpenSSH\;C:\Program Files (x86)\NVIDIA Corporation\PhysX\Common;C:\Program Files\dotnet\;C:\Users\longs\AppData\Local\Programs\Microsoft VS Code\bin;C:\Program Files (x86)\Windows Kits\10\Windows Performance Toolkit\;C:\Program Files\Git\cmd;C:\Program Files\NVIDIA Corporation\NVIDIA app\NvDLISR;C:\Program Files\Eclipse Adoptium\jdk-17.0.13.11-hotspot\\bin;C:\WINDOWS\system32\config\systemprofile\AppData\Local\Pub\Cache\bin;C:\Program Files\apache-maven-3.9.9\bin;C:\Program Files\nodejs\;C:\Users\longs\AppData\Local\Programs\Python\Python313\Scripts\;C:\Users\longs\AppData\Local\Programs\Python\Python313\;C:\Users\longs\AppData\Local\Programs\Python\Launcher\;C:\Users\longs\AppData\Local\Microsoft\WindowsApps;C:\Users\longs\Downloads\flutter_windows_3.24.5-stable\flutter\bin;C:\Users\longs\AppData\Local\Programs\Microsoft VS Code\bin;C:\Users\longs\AppData\Local\Pub\Cache\bin;C:\Users\longs\AppData\Local\Pub\Cache\bin;C:\Users\longs\AppData\Local\Programs\cursor\resources\app\bin;C:\Program Files\apache-maven-3.9.9\bin;C:\Users\longs\AppData\Roaming\npm
USERNAME=longs
OS=Windows_NT
PROCESSOR_IDENTIFIER=Intel64 Family 6 Model 154 Stepping 3, GenuineIntel
TMP=C:\Users\longs\AppData\Local\Temp
TEMP=C:\Users\longs\AppData\Local\Temp




Periodic native trim disabled

JNI global refs:
JNI global refs: 0, weak refs: 0

JNI global refs memory usage: 0, weak refs: 0

Process memory usage:
Resident Set Size: 13500K (0% of 33288724K total physical memory with 12039396K free physical memory)

OOME stack traces (most recent first):
Classloader memory used:

---------------  S Y S T E M  ---------------

OS:
 Windows 11 , 64 bit Build 26100 (10.0.26100.4768)
OS uptime: 0 days 4:09 hours
Hyper-V role detected

CPU: total 20 (initial active 20) (10 cores per cpu, 2 threads per core) family 6 model 154 stepping 3 microcode 0x414, cx8, cmov, fxsr, ht, mmx, 3dnowpref, sse, sse2, sse3, ssse3, sse4.1, sse4.2, popcnt, lzcnt, tsc, tscinvbit, avx, avx2, aes, erms, clmul, bmi1, bmi2, adx, sha, fma, vzeroupper, clflush, clflushopt, clwb, hv, serialize, rdtscp, rdpid, fsrm, f16c, cet_ibt, cet_ss
Processor Information for processor 0
  Max Mhz: 2300, Current Mhz: 2300, Mhz Limit: 2300
Processor Information for processor 1
  Max Mhz: 2300, Current Mhz: 2300, Mhz Limit: 2300
Processor Information for processor 2
  Max Mhz: 2300, Current Mhz: 2300, Mhz Limit: 2300
Processor Information for processor 3
  Max Mhz: 2300, Current Mhz: 2300, Mhz Limit: 2300
Processor Information for processor 4
  Max Mhz: 2300, Current Mhz: 2300, Mhz Limit: 2300
Processor Information for processor 5
  Max Mhz: 2300, Current Mhz: 2300, Mhz Limit: 2300
Processor Information for processor 6
  Max Mhz: 2300, Current Mhz: 2300, Mhz Limit: 2300
Processor Information for processor 7
  Max Mhz: 2300, Current Mhz: 2300, Mhz Limit: 2300
Processor Information for processor 8
  Max Mhz: 2300, Current Mhz: 2300, Mhz Limit: 2300
Processor Information for processor 9
  Max Mhz: 2300, Current Mhz: 2300, Mhz Limit: 2300
Processor Information for processor 10
  Max Mhz: 2300, Current Mhz: 2300, Mhz Limit: 2300
Processor Information for processor 11
  Max Mhz: 2300, Current Mhz: 2300, Mhz Limit: 2300
Processor Information for processor 12
  Max Mhz: 2300, Current Mhz: 1700, Mhz Limit: 1679
Processor Information for processor 13
  Max Mhz: 2300, Current Mhz: 1700, Mhz Limit: 1679
Processor Information for processor 14
  Max Mhz: 2300, Current Mhz: 1700, Mhz Limit: 1679
Processor Information for processor 15
  Max Mhz: 2300, Current Mhz: 1700, Mhz Limit: 1679
Processor Information for processor 16
  Max Mhz: 2300, Current Mhz: 1700, Mhz Limit: 1679
Processor Information for processor 17
  Max Mhz: 2300, Current Mhz: 1700, Mhz Limit: 1679
Processor Information for processor 18
  Max Mhz: 2300, Current Mhz: 1700, Mhz Limit: 1679
Processor Information for processor 19
  Max Mhz: 2300, Current Mhz: 1700, Mhz Limit: 1679

Memory: 4k page, system-wide physical 32508M (11757M free)
TotalPageFile size 32508M (AvailPageFile size 398M)
current process WorkingSet (physical memory assigned to process): 13M, peak: 13M
current process commit charge ("private bytes"): 75M, peak: 583M

vm_info: OpenJDK 64-Bit Server VM (21.0.6+-13368085-b895.109) for windows-amd64 JRE (21.0.6+-13368085-b895.109), built on 2025-04-16T17:01:31Z by "builder" with MS VC++ 16.10 / 16.11 (VS2019)

END.
